<?xml version="1.0"?>
<!DOCTYPE coverage SYSTEM "http://cobertura.sourceforge.net/xml/coverage-04.dtd">
<coverage line-rate="0.5636363636363636" branch-rate="1.0000000000000000" lines-covered="31" lines-valid="55" branches-covered="0" branches-valid="0" complexity="0.0" timestamp="1494692420" version="Slather 2.4.1">
  <sources>
    <source>/Users/somkiat/data/slide/swift/slide/05-TRUE-INFO/Calculator</source>
  </sources>
  <packages>
    <package name="Calculator" line-rate="0.5636363636363636" branch-rate="1.0000000000000000" complexity="0.0">
      <classes>
        <class name="AppDelegate" filename="Calculator/AppDelegate.swift" line-rate="0.3333333333333333" branch-rate="1.0000000000000000" complexity="0.0">
          <methods/>
          <lines>
            <line number="17" branch="false" hits="1"/>
            <line number="18" branch="false" hits="1"/>
            <line number="19" branch="false" hits="1"/>
            <line number="20" branch="false" hits="1"/>
            <line number="22" branch="false" hits="0"/>
            <line number="23" branch="false" hits="0"/>
            <line number="24" branch="false" hits="0"/>
            <line number="25" branch="false" hits="0"/>
            <line number="27" branch="false" hits="0"/>
            <line number="28" branch="false" hits="0"/>
            <line number="29" branch="false" hits="0"/>
            <line number="30" branch="false" hits="0"/>
            <line number="32" branch="false" hits="0"/>
            <line number="33" branch="false" hits="0"/>
            <line number="34" branch="false" hits="0"/>
            <line number="36" branch="false" hits="1"/>
            <line number="37" branch="false" hits="1"/>
            <line number="38" branch="false" hits="1"/>
            <line number="40" branch="false" hits="0"/>
            <line number="41" branch="false" hits="0"/>
            <line number="42" branch="false" hits="0"/>
          </lines>
        </class>
        <class name="Calculator" filename="Calculator/Calculator.swift" line-rate="1.0000000000000000" branch-rate="1.0000000000000000" complexity="0.0">
          <methods/>
          <lines>
            <line number="5" branch="false" hits="2"/>
            <line number="6" branch="false" hits="2"/>
            <line number="7" branch="false" hits="2"/>
            <line number="9" branch="false" hits="2"/>
            <line number="10" branch="false" hits="2"/>
            <line number="11" branch="false" hits="1"/>
            <line number="12" branch="false" hits="1"/>
            <line number="13" branch="false" hits="1"/>
            <line number="14" branch="false" hits="1"/>
            <line number="15" branch="false" hits="1"/>
            <line number="16" branch="false" hits="2"/>
            <line number="17" branch="false" hits="2"/>
          </lines>
        </class>
        <class name="EmptyValidator" filename="Calculator/EmptyValidator.swift" line-rate="1.0000000000000000" branch-rate="1.0000000000000000" complexity="0.0">
          <methods/>
          <lines>
            <line number="4" branch="false" hits="2"/>
            <line number="5" branch="false" hits="2"/>
            <line number="6" branch="false" hits="2"/>
          </lines>
        </class>
        <class name="NumberValidator" filename="Calculator/NumberValidator.swift" line-rate="1.0000000000000000" branch-rate="1.0000000000000000" complexity="0.0">
          <methods/>
          <lines>
            <line number="4" branch="false" hits="2"/>
            <line number="5" branch="false" hits="2"/>
            <line number="6" branch="false" hits="2"/>
            <line number="11" branch="false" hits="2"/>
            <line number="12" branch="false" hits="2"/>
            <line number="13" branch="false" hits="2"/>
          </lines>
        </class>
        <class name="ViewController" filename="Calculator/ViewController.swift" line-rate="0.2307692307692308" branch-rate="1.0000000000000000" complexity="0.0">
          <methods/>
          <lines>
            <line number="10" branch="false" hits="0"/>
            <line number="11" branch="false" hits="0"/>
            <line number="12" branch="false" hits="0"/>
            <line number="13" branch="false" hits="0"/>
            <line number="14" branch="false" hits="0"/>
            <line number="15" branch="false" hits="0"/>
            <line number="16" branch="false" hits="0"/>
            <line number="18" branch="false" hits="1"/>
            <line number="19" branch="false" hits="1"/>
            <line number="20" branch="false" hits="1"/>
            <line number="22" branch="false" hits="0"/>
            <line number="23" branch="false" hits="0"/>
            <line number="24" branch="false" hits="0"/>
          </lines>
        </class>
      </classes>
    </package>
  </packages>
</coverage>
